\BOOKMARK [0][]{Contents.0}{\376\377\000C\000o\000n\000t\000e\000n\000t\000s}{}% 1
\BOOKMARK [0][]{chapter.1}{\376\377\0001\000\040\000I\000n\000t\000r\000o\000d\000u\000c\000t\000i\000o\000n}{}% 2
\BOOKMARK [1][-]{section.1.1}{\376\377\0001\000.\0001\000\040\000A\000p\000p\000l\000i\000c\000a\000t\000i\000o\000n\000\040\000S\000p\000e\000c\000i\000f\000i\000c\000\040\000I\000n\000s\000t\000r\000u\000c\000t\000i\000o\000n\000\040\000S\000e\000t\000\040\000P\000r\000o\000c\000e\000s\000s\000o\000r\000s}{chapter.1}% 3
\BOOKMARK [1][-]{section.1.2}{\376\377\0001\000.\0002\000\040\000A\000S\000I\000P\000\040\000D\000e\000s\000i\000g\000n\000\040\000F\000l\000o\000w}{chapter.1}% 4
\BOOKMARK [1][-]{section.1.3}{\376\377\0001\000.\0003\000\040\000C\000u\000s\000t\000o\000m\000\040\000I\000n\000s\000t\000r\000u\000c\000t\000i\000o\000n\000\040\000I\000d\000e\000n\000t\000i\000f\000i\000c\000a\000t\000i\000o\000n}{chapter.1}% 5
\BOOKMARK [1][-]{section.1.4}{\376\377\0001\000.\0004\000\040\000G\000o\000a\000l\000\040\000o\000f\000\040\000t\000h\000e\000\040\000L\000a\000b\000o\000r\000a\000t\000o\000r\000y}{chapter.1}% 6
\BOOKMARK [0][]{chapter.2}{\376\377\0002\000\040\000W\000o\000r\000k\000i\000n\000g\000\040\000E\000n\000v\000i\000r\000o\000n\000m\000e\000n\000t}{}% 7
\BOOKMARK [1][-]{section.2.1}{\376\377\0002\000.\0001\000\040\000N\000e\000t\000w\000o\000r\000k\000\040\000S\000t\000r\000u\000c\000t\000u\000r\000e}{chapter.2}% 8
\BOOKMARK [1][-]{section.2.2}{\376\377\0002\000.\0002\000\040\000B\000a\000s\000i\000c\000\040\000U\000N\000I\000X\000\040\000C\000o\000m\000m\000a\000n\000d\000s\000/\000P\000r\000o\000g\000r\000a\000m\000s}{chapter.2}% 9
\BOOKMARK [2][-]{subsection.2.2.1}{\376\377\0002\000.\0002\000.\0001\000\040\000R\000e\000m\000o\000t\000e\000\040\000O\000p\000e\000r\000a\000t\000i\000o\000n}{section.2.2}% 10
\BOOKMARK [2][-]{subsection.2.2.2}{\376\377\0002\000.\0002\000.\0002\000\040\000X\0002\000G\000o\000\040\000C\000l\000i\000e\000n\000t}{section.2.2}% 11
\BOOKMARK [1][-]{section.2.3}{\376\377\0002\000.\0003\000\040\000D\000i\000r\000e\000c\000t\000o\000r\000y\000\040\000S\000t\000r\000u\000c\000t\000u\000r\000e}{chapter.2}% 12
\BOOKMARK [0][]{chapter.3}{\376\377\0003\000\040\000D\000l\000x\000s\000i\000m}{}% 13
\BOOKMARK [1][-]{section.3.1}{\376\377\0003\000.\0001\000\040\000B\000r\000o\000w\000n\000i\000e\000\040\000S\000T\000D\000\040\0003\0002\000\040\000A\000r\000c\000h\000i\000t\000e\000c\000t\000u\000r\000e}{chapter.3}% 14
\BOOKMARK [1][-]{section.3.2}{\376\377\0003\000.\0002\000\040\000E\000x\000t\000e\000n\000d\000i\000n\000g\000\040\000d\000l\000x\000s\000i\000m}{chapter.3}% 15
\BOOKMARK [2][-]{subsection.3.2.1}{\376\377\0003\000.\0002\000.\0001\000\040\000S\000t\000a\000r\000t\000u\000p\000\040\000P\000a\000r\000a\000m\000e\000t\000e\000r\000s\000\040\000f\000o\000r\000\040\000d\000l\000x\000s\000i\000m}{section.3.2}% 16
\BOOKMARK [2][-]{subsection.3.2.2}{\376\377\0003\000.\0002\000.\0002\000\040\000H\000o\000w\000\040\000t\000o\000\040\000A\000d\000d\000\040\000a\000\040\000N\000e\000w\000\040\000I\000n\000s\000t\000r\000u\000c\000t\000i\000o\000n}{section.3.2}% 17
\BOOKMARK [2][-]{subsection.3.2.3}{\376\377\0003\000.\0002\000.\0003\000\040\000H\000o\000w\000\040\000t\000o\000\040\000A\000d\000d\000\040\000a\000\040\000N\000e\000w\000\040\000I\000n\000s\000t\000r\000u\000c\000t\000i\000o\000n\000-\000F\000o\000r\000m\000a\000t}{section.3.2}% 18
\BOOKMARK [1][-]{section.3.3}{\376\377\0003\000.\0003\000\040\000U\000s\000i\000n\000g\000\040\000d\000l\000x\000s\000i\000m}{chapter.3}% 19
\BOOKMARK [2][-]{subsection.3.3.1}{\376\377\0003\000.\0003\000.\0001\000\040\000S\000t\000a\000t\000i\000s\000t\000i\000c\000s}{section.3.3}% 20
\BOOKMARK [2][-]{subsection.3.3.2}{\376\377\0003\000.\0003\000.\0002\000\040\000D\000e\000b\000u\000g\000g\000i\000n\000g\000\040\000w\000i\000t\000h\000\040\000d\000l\000x\000s\000i\000m}{section.3.3}% 21
\BOOKMARK [0][]{chapter.4}{\376\377\0004\000\040\000A\000S\000I\000P\000\040\000M\000e\000i\000s\000t\000e\000r}{}% 22
\BOOKMARK [1][-]{section.4.1}{\376\377\0004\000.\0001\000\040\000W\000h\000a\000t\000\040\000i\000s\000\040\000A\000S\000I\000P\000\040\000M\000e\000i\000s\000t\000e\000r\000?}{chapter.4}% 23
\BOOKMARK [1][-]{section.4.2}{\376\377\0004\000.\0002\000\040\000P\000r\000o\000c\000e\000s\000s\000o\000r\000\040\000D\000e\000s\000i\000g\000n\000\040\000F\000l\000o\000w\000\040\000U\000s\000i\000n\000g\000\040\000A\000S\000I\000P\000\040\000M\000e\000i\000s\000t\000e\000r}{chapter.4}% 24
\BOOKMARK [1][-]{section.4.3}{\376\377\0004\000.\0003\000\040\000T\000y\000p\000i\000c\000a\000l\000\040\000C\000h\000a\000l\000l\000e\000n\000g\000e\000s\000\040\000w\000h\000i\000l\000e\000\040\000W\000o\000r\000k\000i\000n\000g\000\040\000w\000i\000t\000h\000\040\000A\000S\000I\000P\000\040\000M\000e\000i\000s\000t\000e\000r}{chapter.4}% 25
\BOOKMARK [1][-]{section.4.4}{\376\377\0004\000.\0004\000\040\000T\000u\000t\000o\000r\000i\000a\000l\000\040\000f\000o\000r\000\040\000t\000h\000e\000\040\000`\000`\000F\000l\000e\000x\000i\000b\000l\000e\000\040\000H\000a\000r\000d\000w\000a\000r\000e\000\040\000M\000o\000d\000e\000l\000'\000'\000\040\000\050\000F\000H\000M\000\051}{chapter.4}% 26
\BOOKMARK [2][-]{subsection.4.4.1}{\376\377\0004\000.\0004\000.\0001\000\040\000S\000e\000t\000t\000i\000n\000g\000\040\000u\000p\000\040\000A\000S\000I\000P\000\040\000M\000e\000i\000s\000t\000e\000r\000\040\000t\000o\000\040\000a\000d\000d\000\040\000n\000e\000w\000\040\000F\000H\000M}{section.4.4}% 27
\BOOKMARK [2][-]{subsection.4.4.2}{\376\377\0004\000.\0004\000.\0002\000\040\000F\000H\000M\000\040\000s\000t\000r\000u\000c\000t\000u\000r\000e}{section.4.4}% 28
\BOOKMARK [2][-]{subsection.4.4.3}{\376\377\0004\000.\0004\000.\0003\000\040\000E\000s\000t\000i\000m\000a\000t\000i\000o\000n\000\040\000a\000n\000d\000\040\000t\000h\000e\000\040\000S\000y\000n\000t\000h\000e\000s\000i\000s\000\040\000M\000o\000d\000e\000l}{section.4.4}% 29
\BOOKMARK [2][-]{subsection.4.4.4}{\376\377\0004\000.\0004\000.\0004\000\040\000T\000e\000s\000t\000i\000n\000g\000\040\000t\000h\000e\000\040\000n\000e\000w\000\040\000F\000H\000M}{section.4.4}% 30
\BOOKMARK [1][-]{section.4.5}{\376\377\0004\000.\0005\000\040\000M\000u\000l\000t\000i\000\040\000C\000y\000c\000l\000e\000\040\000F\000H\000M\000s}{chapter.4}% 31
\BOOKMARK [2][-]{subsection.4.5.1}{\376\377\0004\000.\0005\000.\0001\000\040\000E\000s\000t\000i\000m\000a\000t\000i\000o\000n\000,\000\040\000S\000y\000n\000t\000h\000e\000s\000i\000s\000,\000\040\000A\000S\000I\000P\000\040\000M\000e\000i\000s\000t\000e\000r\000\040\000u\000s\000a\000g\000e\000\040\000a\000n\000d\000\040\000T\000e\000s\000t\000i\000n\000g}{section.4.5}% 32
\BOOKMARK [1][-]{section.4.6}{\376\377\0004\000.\0006\000\040\000G\000e\000n\000e\000r\000a\000l\000\040\000H\000i\000n\000t\000s\000\040\000a\000b\000o\000u\000t\000\040\000F\000H\000M\000s}{chapter.4}% 33
\BOOKMARK [1][-]{section.4.7}{\376\377\0004\000.\0007\000\040\000S\000y\000n\000t\000h\000e\000s\000i\000z\000a\000b\000l\000e\000\040\000V\000H\000D\000L\000\040\000c\000o\000d\000e}{chapter.4}% 34
\BOOKMARK [0][]{chapter.5}{\376\377\0005\000\040\000M\000o\000d\000e\000l\000S\000i\000m}{}% 35
\BOOKMARK [1][-]{section.5.1}{\376\377\0005\000.\0001\000\040\000T\000u\000t\000o\000r\000i\000a\000l}{chapter.5}% 36
\BOOKMARK [2][-]{subsection.5.1.1}{\376\377\0005\000.\0001\000.\0001\000\040\000C\000r\000e\000a\000t\000e\000\040\000a\000\040\000n\000e\000w\000\040\000M\000o\000d\000e\000l\000S\000i\000m\000\040\000P\000r\000o\000j\000e\000c\000t}{section.5.1}% 37
\BOOKMARK [2][-]{subsection.5.1.2}{\376\377\0005\000.\0001\000.\0002\000\040\000A\000d\000d\000i\000n\000g\000\040\000t\000h\000e\000\040\000T\000e\000s\000t\000b\000e\000n\000c\000h\000\040\000a\000n\000d\000\040\000A\000S\000I\000P\000\040\000M\000e\000i\000s\000t\000e\000r\000\040\000C\000P\000U\000\040\000f\000i\000l\000e\000s}{section.5.1}% 38
\BOOKMARK [2][-]{subsection.5.1.3}{\376\377\0005\000.\0001\000.\0003\000\040\000C\000o\000m\000p\000i\000l\000e\000\040\000t\000h\000e\000\040\000p\000r\000o\000j\000e\000c\000t}{section.5.1}% 39
\BOOKMARK [2][-]{subsection.5.1.4}{\376\377\0005\000.\0001\000.\0004\000\040\000R\000u\000n\000\040\000t\000h\000e\000\040\000s\000i\000m\000u\000l\000a\000t\000i\000o\000n}{section.5.1}% 40
\BOOKMARK [2][-]{subsection.5.1.5}{\376\377\0005\000.\0001\000.\0005\000\040\000S\000t\000a\000t\000i\000s\000t\000i\000c\000s\000\040\000o\000f\000\040\000t\000h\000e\000\040\000S\000i\000m\000u\000l\000a\000t\000i\000o\000n}{section.5.1}% 41
\BOOKMARK [1][-]{section.5.2}{\376\377\0005\000.\0002\000\040\000G\000e\000n\000e\000r\000a\000l\000\040\000H\000i\000n\000t\000s}{chapter.5}% 42
\BOOKMARK [0][]{chapter.6}{\376\377\0006\000\040\000V\000a\000l\000i\000d\000a\000t\000i\000n\000g\000\040\000t\000h\000e\000\040\000C\000P\000U\000\040\000i\000n\000\040\000P\000r\000o\000t\000o\000t\000y\000p\000i\000n\000g\000\040\000H\000a\000r\000d\000w\000a\000r\000e}{}% 43
\BOOKMARK [1][-]{section.6.1}{\376\377\0006\000.\0001\000\040\000C\000r\000e\000a\000t\000i\000n\000g\000\040\000t\000h\000e\000\040\000I\000S\000E\000\040\000P\000r\000o\000j\000e\000c\000t}{chapter.6}% 44
\BOOKMARK [1][-]{section.6.2}{\376\377\0006\000.\0002\000\040\000A\000d\000d\000i\000n\000g\000\040\000S\000o\000u\000r\000c\000e\000\040\000F\000i\000l\000e\000s\000\040\000t\000o\000\040\000I\000S\000E\000\040\000P\000r\000o\000j\000e\000c\000t}{chapter.6}% 45
\BOOKMARK [1][-]{section.6.3}{\376\377\0006\000.\0003\000\040\000S\000y\000n\000t\000h\000e\000s\000i\000z\000i\000n\000g\000\040\000a\000n\000d\000\040\000I\000m\000p\000l\000e\000m\000e\000n\000t\000i\000n\000g\000\040\000t\000h\000e\000\040\000I\000S\000E\000\040\000P\000r\000o\000j\000e\000c\000t}{chapter.6}% 46
\BOOKMARK [1][-]{section.6.4}{\376\377\0006\000.\0004\000\040\000I\000n\000i\000t\000i\000a\000l\000i\000z\000i\000n\000g\000\040\000F\000P\000G\000A\000\040\000I\000n\000t\000e\000r\000n\000a\000l\000\040\000M\000e\000m\000o\000r\000y\000\040\000w\000i\000t\000h\000\040\000y\000o\000u\000r\000\040\000A\000p\000p\000l\000i\000c\000a\000t\000i\000o\000n}{chapter.6}% 47
\BOOKMARK [2][-]{subsection.6.4.1}{\376\377\0006\000.\0004\000.\0001\000\040\000U\000p\000l\000o\000a\000d\000i\000n\000g\000\040\000t\000h\000e\000\040\000B\000i\000t\000s\000t\000r\000e\000a\000m\000\040\000t\000o\000\040\000F\000P\000G\000A\000\040\000B\000o\000a\000r\000d}{section.6.4}% 48
\BOOKMARK [2][-]{subsection.6.4.2}{\376\377\0006\000.\0004\000.\0002\000\040\000I\000n\000i\000t\000i\000a\000l\000i\000z\000i\000n\000g\000\040\000a\000n\000d\000\040\000U\000s\000i\000n\000g\000\040\000t\000h\000e\000\040\000E\000x\000t\000e\000r\000n\000a\000l\000\040\000S\000R\000A\000M}{section.6.4}% 49
\BOOKMARK [2][-]{subsection.6.4.3}{\376\377\0006\000.\0004\000.\0003\000\040\000H\000a\000r\000d\000w\000a\000r\000e\000\040\000S\000p\000e\000c\000i\000f\000i\000c\000\040\000L\000i\000m\000i\000t\000a\000t\000i\000o\000n\000s\000\040\000o\000f\000\040\000t\000h\000e\000\040\000A\000p\000p\000l\000i\000c\000a\000t\000i\000o\000n}{section.6.4}% 50
\BOOKMARK [1][-]{section.6.5}{\376\377\0006\000.\0005\000\040\000G\000e\000t\000t\000i\000n\000g\000\040\000A\000c\000c\000u\000r\000a\000t\000e\000\040\000A\000r\000e\000a\000,\000\040\000D\000e\000l\000a\000y\000\040\000a\000n\000d\000\040\000C\000r\000i\000t\000i\000c\000a\000l\000\040\000P\000a\000t\000h\000\040\000R\000e\000p\000o\000r\000t\000s}{chapter.6}% 51
\BOOKMARK [2][-]{subsection.6.5.1}{\376\377\0006\000.\0005\000.\0001\000\040\000C\000r\000e\000a\000t\000i\000n\000g\000\040\000I\000S\000E\000\040\000P\000r\000o\000j\000e\000c\000t\000\040\000f\000o\000r\000\040\000G\000e\000t\000t\000i\000n\000g\000\040\000A\000c\000c\000u\000r\000a\000t\000e\000\040\000R\000e\000p\000o\000r\000t\000s}{section.6.5}% 52
\BOOKMARK [2][-]{subsection.6.5.2}{\376\377\0006\000.\0005\000.\0002\000\040\000G\000e\000t\000t\000i\000n\000g\000\040\000A\000r\000e\000a\000\040\000R\000e\000p\000o\000r\000t}{section.6.5}% 53
\BOOKMARK [2][-]{subsection.6.5.3}{\376\377\0006\000.\0005\000.\0003\000\040\000G\000e\000t\000t\000i\000n\000g\000\040\000D\000e\000l\000a\000y\000\040\000R\000e\000p\000o\000r\000t}{section.6.5}% 54
\BOOKMARK [2][-]{subsection.6.5.4}{\376\377\0006\000.\0005\000.\0004\000\040\000G\000e\000t\000t\000i\000n\000g\000\040\000C\000r\000i\000t\000i\000c\000a\000l\000\040\000P\000a\000t\000h\000\040\000R\000e\000p\000o\000r\000t}{section.6.5}% 55
\BOOKMARK [0][]{chapter.7}{\376\377\0007\000\040\000P\000o\000w\000e\000r\000\040\000E\000s\000t\000i\000m\000a\000t\000i\000o\000n}{}% 56
\BOOKMARK [1][-]{section.7.1}{\376\377\0007\000.\0001\000\040\000D\000i\000f\000f\000e\000r\000e\000n\000t\000\040\000T\000y\000p\000e\000s\000\040\000o\000f\000\040\000P\000o\000w\000e\000r}{chapter.7}% 57
\BOOKMARK [1][-]{section.7.2}{\376\377\0007\000.\0002\000\040\000E\000s\000t\000i\000m\000a\000t\000i\000n\000g\000\040\000t\000h\000e\000\040\000P\000o\000w\000e\000r\000\040\000C\000o\000n\000s\000u\000m\000p\000t\000i\000o\000n}{chapter.7}% 58
\BOOKMARK [2][-]{subsection.7.2.1}{\376\377\0007\000.\0002\000.\0001\000\040\000G\000e\000n\000e\000r\000a\000t\000e\000\040\000t\000h\000e\000\040\000V\000C\000D\000\040\000f\000i\000l\000e\000\040\000u\000s\000i\000n\000g\000\040\000M\000o\000d\000e\000l\000S\000i\000m}{section.7.2}% 59
\BOOKMARK [2][-]{subsection.7.2.2}{\376\377\0007\000.\0002\000.\0002\000\040\000G\000e\000n\000e\000r\000a\000t\000i\000n\000g\000\040\000t\000h\000e\000\040\000P\000o\000w\000e\000r\000\040\000R\000e\000p\000o\000r\000t\000\040\000U\000s\000i\000n\000g\000\040\000x\000P\000o\000w\000e\000r}{section.7.2}% 60
\BOOKMARK [0][]{chapter.8}{\376\377\0008\000\040\000E\000x\000t\000e\000n\000d\000e\000d\000\040\000G\000C\000C\000\040\000C\000o\000m\000p\000i\000l\000e\000r}{}% 61
\BOOKMARK [1][-]{section.8.1}{\376\377\0008\000.\0001\000\040\000B\000a\000s\000i\000c\000s\000\040\000a\000b\000o\000u\000t\000\040\000R\000e\000t\000a\000r\000g\000e\000t\000a\000b\000l\000e\000\040\000C\000o\000m\000p\000i\000l\000e\000r\000s}{chapter.8}% 62
\BOOKMARK [1][-]{section.8.2}{\376\377\0008\000.\0002\000\040\000C\000r\000e\000a\000t\000i\000n\000g\000\040\000t\000h\000e\000\040\000E\000x\000t\000e\000n\000d\000e\000d\000\040\000G\000C\000C\000\040\000C\000o\000m\000p\000i\000l\000e\000r\000\040\000i\000n\000\040\000A\000S\000I\000P\000m\000e\000i\000s\000t\000e\000r}{chapter.8}% 63
\BOOKMARK [2][-]{subsection.8.2.1}{\376\377\0008\000.\0002\000.\0001\000\040\000C\000\040\000D\000e\000f\000i\000n\000i\000t\000i\000o\000n}{section.8.2}% 64
\BOOKMARK [2][-]{subsection.8.2.2}{\376\377\0008\000.\0002\000.\0002\000\040\000C\000o\000m\000p\000i\000l\000e\000r\000\040\000G\000e\000n\000e\000r\000a\000t\000i\000o\000n}{section.8.2}% 65
\BOOKMARK [2][-]{subsection.8.2.3}{\376\377\0008\000.\0002\000.\0003\000\040\000U\000s\000i\000n\000g\000\040\000c\000u\000s\000t\000o\000m\000\040\000i\000n\000s\000t\000r\000u\000c\000t\000i\000o\000n\000\040\000i\000n\000\040\000t\000h\000e\000\040\000C\000\040\000P\000r\000o\000g\000r\000a\000m}{section.8.2}% 66
\BOOKMARK [2][-]{subsection.8.2.4}{\376\377\0008\000.\0002\000.\0004\000\040\000U\000s\000i\000n\000g\000\040\000t\000h\000e\000\040\000E\000x\000t\000e\000n\000d\000e\000d\000\040\000G\000C\000C\000\040\000C\000o\000m\000p\000i\000l\000e\000r}{section.8.2}% 67
\BOOKMARK [1][-]{section.8.3}{\376\377\0008\000.\0003\000\040\000L\000i\000b\000r\000a\000r\000y\000\040\000w\000i\000t\000h\000\040\000S\000t\000a\000n\000d\000a\000r\000d\000\040\000F\000u\000n\000c\000t\000i\000o\000n\000s\000\040\000f\000o\000r\000\040\000A\000S\000I\000P\000\040\000M\000e\000i\000s\000t\000e\000r\000\040\000/\000\040\000G\000C\000C\000\040\000/\000\040\000H\000a\000r\000d\000w\000a\000r\000e\000\040\000P\000r\000o\000t\000o\000t\000y\000p\000e}{chapter.8}% 68
\BOOKMARK [2][-]{subsection.8.3.1}{\376\377\0008\000.\0003\000.\0001\000\040\000F\000u\000n\000c\000t\000i\000o\000n\000s\000\040\000o\000f\000\040\000t\000h\000e\000\040\000L\000C\000D\000\040\000L\000i\000b\000r\000a\000r\000y}{section.8.3}% 69
\BOOKMARK [2][-]{subsection.8.3.2}{\376\377\0008\000.\0003\000.\0002\000\040\000F\000u\000n\000c\000t\000i\000o\000n\000s\000\040\000o\000f\000\040\000F\000u\000r\000t\000h\000e\000r\000\040\000L\000i\000b\000r\000a\000r\000i\000e\000s}{section.8.3}% 70
\BOOKMARK [2][-]{subsection.8.3.3}{\376\377\0008\000.\0003\000.\0003\000\040\000C\000h\000a\000n\000g\000i\000n\000g\000\040\000t\000h\000e\000\040\000F\000r\000e\000q\000u\000e\000n\000c\000y\000\040}{section.8.3}% 71
\BOOKMARK [0][]{chapter*.47}{\376\377\000L\000i\000s\000t\000\040\000o\000f\000\040\000F\000i\000g\000u\000r\000e\000s}{}% 72
\BOOKMARK [0][]{chapter*.47}{\376\377\000L\000i\000s\000t\000\040\000o\000f\000\040\000T\000a\000b\000l\000e\000s}{}% 73
\BOOKMARK [0][]{section*.48}{\376\377\000B\000i\000b\000l\000i\000o\000g\000r\000a\000p\000h\000y}{}% 74
